#
# A fatal error has been detected by the Java Runtime Environment:
#
#  EXCEPTION_ACCESS_VIOLATION (0xc0000005) at pc=0x00007fffeefdca86, pid=4592, tid=0x00000000000066bc
#
# JRE version: Java(TM) SE Runtime Environment (8.0_321-b07) (build 1.8.0_321-b07)
# Java VM: Java HotSpot(TM) 64-Bit Server VM (25.321-b07 mixed mode windows-amd64 compressed oops)
# Problematic frame:
# C  [msdia140.dll+0x10ca86]
#
# Failed to write core dump. Minidumps are not enabled by default on client versions of Windows
#
# If you would like to submit a bug report, please visit:
#   http://bugreport.java.com/bugreport/crash.jsp
#

---------------  T H R E A D  ---------------

Current thread (0x0000020afdc7e800):  VMThread [stack: 0x0000007f84b00000,0x0000007f84c00000] [id=26300]

siginfo: ExceptionCode=0xc0000005, reading address 0xffffffffffffffff

Registers:
RAX=0x0000020a803b2000, RBX=0x00007fffef01ae88, RCX=0x0000020a803aa790, RDX=0x0000000000000001
RSP=0x0000007f84bfefb0, RBP=0x0000007f84bff3d0, RSI=0x00007fffeefdca40, RDI=0x000000000000000c
R8 =0x0000020ae4b61140, R9 =0x0000000000000001, R10=0x0000020ae4b60000, R11=0x0000007f84bfeed0
R12=0x0000020afe01d620, R13=0x0000000000000040, R14=0x0000020afe01d928, R15=0x0000007f84bff070
RIP=0x00007fffeefdca86, EFLAGS=0x0000000000010206

Top of Stack: (sp=0x0000007f84bfefb0)
0x0000007f84bfefb0:   00007ff800000018 0000020a8038f550
0x0000007f84bfefc0:   0000020a802dcbd0 0000020ae4b60000
0x0000007f84bfefd0:   0000020afe01d620 00007fffeef84a9b
0x0000007f84bfefe0:   0000020afe01d920 0000020a8038f270
0x0000007f84bfeff0:   0000020ae4cc8e70 0000004800000015
0x0000007f84bff000:   0000020afe01d920 0000020afe01d620
0x0000007f84bff010:   0000020afe01d620 0000020afe01d928
0x0000007f84bff020:   0000000000000001 0000000000000000
0x0000007f84bff030:   0000020ae4cc8e70 00007fffeef6ca88
0x0000007f84bff040:   0000e18c920202c6 00007fffeef84d41
0x0000007f84bff050:   0000000000000000 0000000000000001
0x0000007f84bff060:   0000000000000000 0000007f84bff0a0
0x0000007f84bff070:   0000007f84bff090 00007ff838710000
0x0000007f84bff080:   0000020ae4cc8e70 00007fffeef83fc0
0x0000007f84bff090:   00007fffef01b988 00007ff83c5a7631
0x0000007f84bff0a0:   0000020a00000002 0000020a00000002 

Instructions: (pc=0x00007fffeefdca86)
0x00007fffeefdca66:   5b e0 48 ff cf 48 85 c0 74 18 83 40 08 ff 75 12
0x00007fffeefdca76:   48 8b 0b 48 85 c9 74 0a 48 8b 01 ba 01 00 00 00
0x00007fffeefdca86:   ff 10 48 85 ff 75 d3 48 8b 5c 24 30 48 83 c4 20
0x00007fffeefdca96:   5f c3 cc cc cc cc cc cc cc cc 48 8d 0d 19 03 04 


Register to memory mapping:

RAX=0x0000020a803b2000 is an unknown value
RBX=0x00007fffef01ae88 is an unknown value
RCX=0x0000020a803aa790 is an unknown value
RDX=0x0000000000000001 is an unknown value
RSP=0x0000007f84bfefb0 is an unknown value
RBP=0x0000007f84bff3d0 is an unknown value
RSI=0x00007fffeefdca40 is an unknown value
RDI=0x000000000000000c is an unknown value
R8 =0x0000020ae4b61140 is an unknown value
R9 =0x0000000000000001 is an unknown value
R10=0x0000020ae4b60000 is an unknown value
R11=0x0000007f84bfeed0 is an unknown value
R12=0x0000020afe01d620 is an unknown value
R13=0x0000000000000040 is an unknown value
R14=0x0000020afe01d928 is an unknown value
R15=0x0000007f84bff070 is an unknown value


Stack: [0x0000007f84b00000,0x0000007f84c00000],  sp=0x0000007f84bfefb0,  free space=1019k
Native frames: (J=compiled Java code, j=interpreted, Vv=VM code, C=native code)
C  [msdia140.dll+0x10ca86]
C  [msdia140.dll+0xb4a9b]
C  [msdia140.dll+0xb4d41]
C  [msdia140.dll+0xb3fc0]
C  [msdia140.dll+0x9cefb]
C  [msdia140.dll+0x9c916]
C  [msdia140.dll+0x9ca3c]
C  [ntdll.dll+0x3fd17]
C  [ntdll.dll+0x54290]
C  [ntdll.dll+0x540fd]
C  [KERNEL32.DLL+0x1c66b]
C  [ucrtbase.dll+0x19fec]
C  [ucrtbase.dll+0x1a0c1]
V  [jvm.dll+0x20b125]
V  [jvm.dll+0x245fa6]
V  [jvm.dll+0x246507]
V  [jvm.dll+0x244c55]
V  [jvm.dll+0x2453ec]
V  [jvm.dll+0x2456fc]
V  [jvm.dll+0x292edc]
C  [ucrtbase.dll+0x26c0c]
C  [KERNEL32.DLL+0x154e0]
C  [ntdll.dll+0x485b]

VM_Operation (0x0000007f842feda0): Exit, mode: safepoint, requested by thread 0x0000020ae4c71800


---------------  P R O C E S S  ---------------

Java Threads: ( => current thread )
  0x0000020a81736000 JavaThread "RMI Scheduler(0)" daemon [_thread_blocked, id=22160, stack(0x0000007f85e00000,0x0000007f85f00000)]
  0x0000020a8171f800 JavaThread "RMI TCP Connection(1)-192.168.1.26" daemon [_thread_blocked, id=25336, stack(0x0000007f85d00000,0x0000007f85e00000)]
  0x0000020a80722000 JavaThread "RMI TCP Accept-0" daemon [_thread_in_native, id=9244, stack(0x0000007f85800000,0x0000007f85900000)]
  0x0000020a8046e800 JavaThread "Service Thread" daemon [_thread_blocked, id=20988, stack(0x0000007f85700000,0x0000007f85800000)]
  0x0000020a803c6000 JavaThread "C1 CompilerThread3" daemon [_thread_blocked, id=27296, stack(0x0000007f85600000,0x0000007f85700000)]
  0x0000020a803c5800 JavaThread "C2 CompilerThread2" daemon [_thread_blocked, id=25012, stack(0x0000007f85500000,0x0000007f85600000)]
  0x0000020a803c0000 JavaThread "C2 CompilerThread1" daemon [_thread_blocked, id=18452, stack(0x0000007f85400000,0x0000007f85500000)]
  0x0000020a803bf000 JavaThread "C2 CompilerThread0" daemon [_thread_blocked, id=26124, stack(0x0000007f85300000,0x0000007f85400000)]
  0x0000020a801e9000 JavaThread "Monitor Ctrl-Break" daemon [_thread_in_native, id=26156, stack(0x0000007f85000000,0x0000007f85100000)]
  0x0000020afe02b000 JavaThread "Attach Listener" daemon [_thread_blocked, id=25088, stack(0x0000007f84f00000,0x0000007f85000000)]
  0x0000020afe02a000 JavaThread "Signal Dispatcher" daemon [_thread_blocked, id=21592, stack(0x0000007f84e00000,0x0000007f84f00000)]
  0x0000020afe009800 JavaThread "Finalizer" daemon [_thread_blocked, id=9060, stack(0x0000007f84d00000,0x0000007f84e00000)]
  0x0000020afe008000 JavaThread "Reference Handler" daemon [_thread_blocked, id=9856, stack(0x0000007f84c00000,0x0000007f84d00000)]
  0x0000020ae4c71800 JavaThread "main" [_thread_blocked, id=27560, stack(0x0000007f84200000,0x0000007f84300000)]

Other Threads:
=>0x0000020afdc7e800 VMThread [stack: 0x0000007f84b00000,0x0000007f84c00000] [id=26300]

VM state:at safepoint (shutting down)

VM Mutex/Monitor currently owned by a thread:  ([mutex/lock_event])
[0x0000020ae4c6d4c0] Threads_lock - owner thread: 0x0000020afdc7e800

heap address: 0x0000000701c00000, size: 3044 MB, Compressed Oops mode: Zero based, Oop shift amount: 3
Narrow klass base: 0x0000000000000000, Narrow klass shift: 3
Compressed class space size: 1073741824 Address: 0x00000007c0000000

Heap:
 PSYoungGen      total 82432K, used 61769K [0x0000000780980000, 0x0000000787880000, 0x00000007c0000000)
  eden space 75264K, 72% used [0x0000000780980000,0x0000000783ee5698,0x0000000785300000)
  from space 7168K, 98% used [0x0000000787180000,0x000000078786d0c0,0x0000000787880000)
  to   space 8192K, 0% used [0x0000000786880000,0x0000000786880000,0x0000000787080000)
 ParOldGen       total 80896K, used 7522K [0x0000000701c00000, 0x0000000706b00000, 0x0000000780980000)
  object space 80896K, 9% used [0x0000000701c00000,0x0000000702358a50,0x0000000706b00000)
 Metaspace       used 29442K, capacity 31700K, committed 31872K, reserved 1077248K
  class space    used 3978K, capacity 4395K, committed 4480K, reserved 1048576K

Card table byte_map: [0x0000020af6420000,0x0000020af6a20000] byte_map_base: 0x0000020af2c12000

Marking Bits: (ParMarkBitMap*) 0x0000000074559030
 Begin Bits: [0x0000020af6e20000, 0x0000020af9db0000)
 End Bits:   [0x0000020af9db0000, 0x0000020afcd40000)

Polling page: 0x0000020ae4de0000

CodeCache: size=245760Kb used=6496Kb max_used=6496Kb free=239264Kb
 bounds [0x0000020ae7060000, 0x0000020ae76c0000, 0x0000020af6060000]
 total_blobs=3332 nmethods=2907 adapters=337
 compilation: enabled

Compilation events (10 events):
Event: 4.773 Thread 0x0000020a803c6000 2903       1       java.io.ObjectInputStream$PeekInputStream::read (47 bytes)
Event: 4.773 Thread 0x0000020a803c6000 nmethod 2903 0x0000020ae76b69d0 code [0x0000020ae76b6b40, 0x0000020ae76b6cd0]
Event: 4.773 Thread 0x0000020a803c6000 2904       1       java.io.ObjectInputStream$PeekInputStream::peek (49 bytes)
Event: 4.773 Thread 0x0000020a803c6000 nmethod 2904 0x0000020ae76b6e10 code [0x0000020ae76b6f80, 0x0000020ae76b7110]
Event: 4.774 Thread 0x0000020a803c6000 2905       1       java.io.ObjectInputStream$BlockDataInputStream::setBlockDataMode (74 bytes)
Event: 4.774 Thread 0x0000020a803c6000 nmethod 2905 0x0000020ae76b7250 code [0x0000020ae76b73c0, 0x0000020ae76b75f0]
Event: 4.775 Thread 0x0000020a803c6000 2907       1       java.io.ObjectOutputStream$BlockDataOutputStream::writeInt (46 bytes)
Event: 4.775 Thread 0x0000020a803c6000 nmethod 2907 0x0000020ae76b77d0 code [0x0000020ae76b7940, 0x0000020ae76b7ae0]
Event: 4.775 Thread 0x0000020a803c6000 2906       1       java.io.ObjectOutputStream::writeByte (9 bytes)
Event: 4.775 Thread 0x0000020a803c6000 nmethod 2906 0x0000020ae76b7c50 code [0x0000020ae76b7dc0, 0x0000020ae76b7f50]

GC Heap History (10 events):
Event: 1.852 GC heap before
{Heap before GC invocations=1 (full 0):
 PSYoungGen      total 57344K, used 49152K [0x0000000780980000, 0x0000000784980000, 0x00000007c0000000)
  eden space 49152K, 100% used [0x0000000780980000,0x0000000783980000,0x0000000783980000)
  from space 8192K, 0% used [0x0000000784180000,0x0000000784180000,0x0000000784980000)
  to   space 8192K, 0% used [0x0000000783980000,0x0000000783980000,0x0000000784180000)
 ParOldGen       total 131072K, used 0K [0x0000000701c00000, 0x0000000709c00000, 0x0000000780980000)
  object space 131072K, 0% used [0x0000000701c00000,0x0000000701c00000,0x0000000709c00000)
 Metaspace       used 12595K, capacity 12976K, committed 13312K, reserved 1060864K
  class space    used 1573K, capacity 1667K, committed 1792K, reserved 1048576K
Event: 1.863 GC heap after
Heap after GC invocations=1 (full 0):
 PSYoungGen      total 57344K, used 6907K [0x0000000780980000, 0x0000000784980000, 0x00000007c0000000)
  eden space 49152K, 0% used [0x0000000780980000,0x0000000780980000,0x0000000783980000)
  from space 8192K, 84% used [0x0000000783980000,0x000000078403eca0,0x0000000784180000)
  to   space 8192K, 0% used [0x0000000784180000,0x0000000784180000,0x0000000784980000)
 ParOldGen       total 131072K, used 16K [0x0000000701c00000, 0x0000000709c00000, 0x0000000780980000)
  object space 131072K, 0% used [0x0000000701c00000,0x0000000701c04000,0x0000000709c00000)
 Metaspace       used 12595K, capacity 12976K, committed 13312K, reserved 1060864K
  class space    used 1573K, capacity 1667K, committed 1792K, reserved 1048576K
}
Event: 2.403 GC heap before
{Heap before GC invocations=2 (full 0):
 PSYoungGen      total 57344K, used 56059K [0x0000000780980000, 0x0000000784980000, 0x00000007c0000000)
  eden space 49152K, 100% used [0x0000000780980000,0x0000000783980000,0x0000000783980000)
  from space 8192K, 84% used [0x0000000783980000,0x000000078403eca0,0x0000000784180000)
  to   space 8192K, 0% used [0x0000000784180000,0x0000000784180000,0x0000000784980000)
 ParOldGen       total 131072K, used 16K [0x0000000701c00000, 0x0000000709c00000, 0x0000000780980000)
  object space 131072K, 0% used [0x0000000701c00000,0x0000000701c04000,0x0000000709c00000)
 Metaspace       used 18567K, capacity 19390K, committed 19584K, reserved 1067008K
  class space    used 2432K, capacity 2624K, committed 2688K, reserved 1048576K
Event: 2.412 GC heap after
Heap after GC invocations=2 (full 0):
 PSYoungGen      total 57344K, used 8174K [0x0000000780980000, 0x0000000784980000, 0x00000007c0000000)
  eden space 49152K, 0% used [0x0000000780980000,0x0000000780980000,0x0000000783980000)
  from space 8192K, 99% used [0x0000000784180000,0x000000078497b8a8,0x0000000784980000)
  to   space 8192K, 0% used [0x0000000783980000,0x0000000783980000,0x0000000784180000)
 ParOldGen       total 131072K, used 1216K [0x0000000701c00000, 0x0000000709c00000, 0x0000000780980000)
  object space 131072K, 0% used [0x0000000701c00000,0x0000000701d301c0,0x0000000709c00000)
 Metaspace       used 18567K, capacity 19390K, committed 19584K, reserved 1067008K
  class space    used 2432K, capacity 2624K, committed 2688K, reserved 1048576K
}
Event: 2.771 GC heap before
{Heap before GC invocations=3 (full 0):
 PSYoungGen      total 57344K, used 44495K [0x0000000780980000, 0x0000000784980000, 0x00000007c0000000)
  eden space 49152K, 73% used [0x0000000780980000,0x0000000782cf84e8,0x0000000783980000)
  from space 8192K, 99% used [0x0000000784180000,0x000000078497b8a8,0x0000000784980000)
  to   space 8192K, 0% used [0x0000000783980000,0x0000000783980000,0x0000000784180000)
 ParOldGen       total 131072K, used 1216K [0x0000000701c00000, 0x0000000709c00000, 0x0000000780980000)
  object space 131072K, 0% used [0x0000000701c00000,0x0000000701d301c0,0x0000000709c00000)
 Metaspace       used 20218K, capacity 21212K, committed 21296K, reserved 1067008K
  class space    used 2678K, capacity 2921K, committed 2944K, reserved 1048576K
Event: 2.776 GC heap after
Heap after GC invocations=3 (full 0):
 PSYoungGen      total 57344K, used 7728K [0x0000000780980000, 0x0000000787980000, 0x00000007c0000000)
  eden space 49152K, 0% used [0x0000000780980000,0x0000000780980000,0x0000000783980000)
  from space 8192K, 94% used [0x0000000783980000,0x000000078410c3f0,0x0000000784180000)
  to   space 8192K, 0% used [0x0000000787180000,0x0000000787180000,0x0000000787980000)
 ParOldGen       total 131072K, used 1232K [0x0000000701c00000, 0x0000000709c00000, 0x0000000780980000)
  object space 131072K, 0% used [0x0000000701c00000,0x0000000701d341c0,0x0000000709c00000)
 Metaspace       used 20218K, capacity 21212K, committed 21296K, reserved 1067008K
  class space    used 2678K, capacity 2921K, committed 2944K, reserved 1048576K
}
Event: 2.776 GC heap before
{Heap before GC invocations=4 (full 1):
 PSYoungGen      total 57344K, used 7728K [0x0000000780980000, 0x0000000787980000, 0x00000007c0000000)
  eden space 49152K, 0% used [0x0000000780980000,0x0000000780980000,0x0000000783980000)
  from space 8192K, 94% used [0x0000000783980000,0x000000078410c3f0,0x0000000784180000)
  to   space 8192K, 0% used [0x0000000787180000,0x0000000787180000,0x0000000787980000)
 ParOldGen       total 131072K, used 1232K [0x0000000701c00000, 0x0000000709c00000, 0x0000000780980000)
  object space 131072K, 0% used [0x0000000701c00000,0x0000000701d341c0,0x0000000709c00000)
 Metaspace       used 20218K, capacity 21212K, committed 21296K, reserved 1067008K
  class space    used 2678K, capacity 2921K, committed 2944K, reserved 1048576K
Event: 2.802 GC heap after
Heap after GC invocations=4 (full 1):
 PSYoungGen      total 57344K, used 0K [0x0000000780980000, 0x0000000787980000, 0x00000007c0000000)
  eden space 49152K, 0% used [0x0000000780980000,0x0000000780980000,0x0000000783980000)
  from space 8192K, 0% used [0x0000000783980000,0x0000000783980000,0x0000000784180000)
  to   space 8192K, 0% used [0x0000000787180000,0x0000000787180000,0x0000000787980000)
 ParOldGen       total 80896K, used 7514K [0x0000000701c00000, 0x0000000706b00000, 0x0000000780980000)
  object space 80896K, 9% used [0x0000000701c00000,0x0000000702356a50,0x0000000706b00000)
 Metaspace       used 20218K, capacity 21212K, committed 21296K, reserved 1067008K
  class space    used 2678K, capacity 2921K, committed 2944K, reserved 1048576K
}
Event: 3.550 GC heap before
{Heap before GC invocations=5 (full 1):
 PSYoungGen      total 57344K, used 49152K [0x0000000780980000, 0x0000000787980000, 0x00000007c0000000)
  eden space 49152K, 100% used [0x0000000780980000,0x0000000783980000,0x0000000783980000)
  from space 8192K, 0% used [0x0000000783980000,0x0000000783980000,0x0000000784180000)
  to   space 8192K, 0% used [0x0000000787180000,0x0000000787180000,0x0000000787980000)
 ParOldGen       total 80896K, used 7514K [0x0000000701c00000, 0x0000000706b00000, 0x0000000780980000)
  object space 80896K, 9% used [0x0000000701c00000,0x0000000702356a50,0x0000000706b00000)
 Metaspace       used 25528K, capacity 27188K, committed 27392K, reserved 1073152K
  class space    used 3407K, capacity 3732K, committed 3840K, reserved 1048576K
Event: 3.556 GC heap after
Heap after GC invocations=5 (full 1):
 PSYoungGen      total 82432K, used 7092K [0x0000000780980000, 0x0000000787880000, 0x00000007c0000000)
  eden space 75264K, 0% used [0x0000000780980000,0x0000000780980000,0x0000000785300000)
  from space 7168K, 98% used [0x0000000787180000,0x000000078786d0c0,0x0000000787880000)
  to   space 8192K, 0% used [0x0000000786880000,0x0000000786880000,0x0000000787080000)
 ParOldGen       total 80896K, used 7522K [0x0000000701c00000, 0x0000000706b00000, 0x0000000780980000)
  object space 80896K, 9% used [0x0000000701c00000,0x0000000702358a50,0x0000000706b00000)
 Metaspace       used 25528K, capacity 27188K, committed 27392K, reserved 1073152K
  class space    used 3407K, capacity 3732K, committed 3840K, reserved 1048576K
}

Deoptimization events (0 events):
No events

Classes redefined (0 events):
No events

Internal exceptions (10 events):
Event: 4.113 Thread 0x0000020a80a60000 Exception <a 'java/lang/NoSuchMethodError': java.lang.Object.lambda$thenComparing$36697e65$1(Ljava/util/Comparator;Ljava/lang/Object;Ljava/lang/Object;)I> (0x0000000782c11780) thrown at [C:\jenkins\workspace\8-2-build-windows-amd64-cygwin\jdk8u321\2141\ho
Event: 4.174 Thread 0x0000020a80a60000 Exception <a 'java/lang/IncompatibleClassChangeError': Found class java.lang.Object, but interface was expected> (0x0000000782e886e8) thrown at [C:\jenkins\workspace\8-2-build-windows-amd64-cygwin\jdk8u321\2141\hotspot\src\share\vm\interpreter\linkResolve
Event: 4.254 Thread 0x0000020a8171f800 Exception <a 'java/lang/reflect/InvocationTargetException'> (0x00000007833626a0) thrown at [C:\jenkins\workspace\8-2-build-windows-amd64-cygwin\jdk8u321\2141\hotspot\src\share\vm\runtime\reflection.cpp, line 1092]
Event: 4.311 Thread 0x0000020a80a60000 Exception <a 'java/net/BindException': Address already in use: JVM_Bind> (0x00000007834eba28) thrown at [C:\jenkins\workspace\8-2-build-windows-amd64-cygwin\jdk8u321\2141\hotspot\src\share\vm\prims\jni.cpp, line 737]
Event: 4.344 Thread 0x0000020a80a60000 Exception <a 'java/net/BindException': Address already in use: bind> (0x000000078361a8a8) thrown at [C:\jenkins\workspace\8-2-build-windows-amd64-cygwin\jdk8u321\2141\hotspot\src\share\vm\prims\jni.cpp, line 737]
Event: 4.348 Thread 0x0000020a81ff9000 Exception <a 'java/lang/InterruptedException': sleep interrupted> (0x0000000783719f30) thrown at [C:\jenkins\workspace\8-2-build-windows-amd64-cygwin\jdk8u321\2141\hotspot\src\share\vm\prims\jvm.cpp, line 3369]
Event: 4.365 Thread 0x0000020a81e57800 Exception <a 'java/lang/InterruptedException': sleep interrupted> (0x0000000783778088) thrown at [C:\jenkins\workspace\8-2-build-windows-amd64-cygwin\jdk8u321\2141\hotspot\src\share\vm\prims\jvm.cpp, line 3369]
Event: 4.374 Thread 0x0000020a80a60000 Exception <a 'java/lang/ClassCastException': org.springframework.boot.context.event.ApplicationFailedEvent cannot be cast to org.springframework.boot.devtools.classpath.ClassPathChangedEvent> (0x000000078383b448) thrown at [C:\jenkins\workspace\8-2-build-
Event: 4.417 Thread 0x0000020a80a60000 Exception <a 'java/lang/reflect/InvocationTargetException'> (0x0000000783afab90) thrown at [C:\jenkins\workspace\8-2-build-windows-amd64-cygwin\jdk8u321\2141\hotspot\src\share\vm\runtime\reflection.cpp, line 1092]
Event: 4.775 Thread 0x0000020a8171f800 Exception <a 'java/lang/reflect/InvocationTargetException'> (0x0000000783ed43e8) thrown at [C:\jenkins\workspace\8-2-build-windows-amd64-cygwin\jdk8u321\2141\hotspot\src\share\vm\runtime\reflection.cpp, line 1092]

Events (10 events):
Event: 4.425 loading class org/springframework/boot/SpringApplicationShutdownHook
Event: 4.425 loading class org/springframework/boot/SpringApplicationShutdownHook done
Event: 4.425 loading class org/springframework/boot/SpringApplicationShutdownHook
Event: 4.425 loading class org/springframework/boot/SpringApplicationShutdownHook done
Event: 4.426 Thread 0x0000020a8204c800 Thread exited: 0x0000020a8204c800
Event: 4.427 Thread 0x0000020a803b2000 Thread exited: 0x0000020a803b2000
Event: 4.441 Thread 0x0000020a803b5800 Thread exited: 0x0000020a803b5800
Event: 4.772 Thread 0x0000020a8204e000 Thread added: 0x0000020a8204e000
Event: 4.776 Thread 0x0000020a8204e000 Thread exited: 0x0000020a8204e000
Event: 5.024 Executing VM operation: Exit


Dynamic libraries:
0x00007ff754680000 - 0x00007ff7546c7000 	C:\Program Files\Java\jdk1.8.0_321\bin\java.exe
0x00007ff83c580000 - 0x00007ff83c789000 	C:\WINDOWS\SYSTEM32\ntdll.dll
0x00007ff83b4e0000 - 0x00007ff83b59d000 	C:\WINDOWS\System32\KERNEL32.DLL
0x00007ff839b10000 - 0x00007ff839e84000 	C:\WINDOWS\System32\KERNELBASE.dll
0x00007ff83ad90000 - 0x00007ff83ae3e000 	C:\WINDOWS\System32\ADVAPI32.dll
0x00007ff83a610000 - 0x00007ff83a6b3000 	C:\WINDOWS\System32\msvcrt.dll
0x00007ff83b2c0000 - 0x00007ff83b35e000 	C:\WINDOWS\System32\sechost.dll
0x00007ff83b3c0000 - 0x00007ff83b4e0000 	C:\WINDOWS\System32\RPCRT4.dll
0x00007ff83aa80000 - 0x00007ff83ac2c000 	C:\WINDOWS\System32\USER32.dll
0x00007ff839fb0000 - 0x00007ff839fd6000 	C:\WINDOWS\System32\win32u.dll
0x00007ff83b790000 - 0x00007ff83b7b9000 	C:\WINDOWS\System32\GDI32.dll
0x00007ff839e90000 - 0x00007ff839fa2000 	C:\WINDOWS\System32\gdi32full.dll
0x00007ff839a70000 - 0x00007ff839b0d000 	C:\WINDOWS\System32\msvcp_win.dll
0x00007ff83a060000 - 0x00007ff83a171000 	C:\WINDOWS\System32\ucrtbase.dll
0x00007ff822ba0000 - 0x00007ff822e45000 	C:\WINDOWS\WinSxS\amd64_microsoft.windows.common-controls_6595b64144ccf1df_6.0.22000.120_none_9d947278b86cc467\COMCTL32.dll
0x00007ff83aa40000 - 0x00007ff83aa71000 	C:\WINDOWS\System32\IMM32.DLL
0x00007ffff9490000 - 0x00007ffff94a5000 	C:\Program Files\Java\jdk1.8.0_321\jre\bin\vcruntime140.dll
0x00007fffe8870000 - 0x00007fffe890b000 	C:\Program Files\Java\jdk1.8.0_321\jre\bin\msvcp140.dll
0x0000000073d70000 - 0x00000000745d1000 	C:\Program Files\Java\jdk1.8.0_321\jre\bin\server\jvm.dll
0x00007ff83b980000 - 0x00007ff83b988000 	C:\WINDOWS\System32\PSAPI.DLL
0x00007ff824950000 - 0x00007ff824959000 	C:\WINDOWS\SYSTEM32\WSOCK32.dll
0x00007ff83b990000 - 0x00007ff83b9ff000 	C:\WINDOWS\System32\WS2_32.dll
0x00007ff8345c0000 - 0x00007ff8345f3000 	C:\WINDOWS\SYSTEM32\WINMM.dll
0x00007ff833b70000 - 0x00007ff833b7a000 	C:\WINDOWS\SYSTEM32\VERSION.dll
0x00007ff838b70000 - 0x00007ff838b88000 	C:\WINDOWS\SYSTEM32\kernel.appcore.dll
0x00007ff8142d0000 - 0x00007ff8142e0000 	C:\Program Files\Java\jdk1.8.0_321\jre\bin\verify.dll
0x00007ffff2bf0000 - 0x00007ffff2c1b000 	C:\Program Files\Java\jdk1.8.0_321\jre\bin\java.dll
0x00007ffff5640000 - 0x00007ffff5670000 	C:\Program Files\Java\jdk1.8.0_321\jre\bin\instrument.dll
0x00007fffefd10000 - 0x00007fffefd9f000 	C:\Users\RINKES~1\AppData\Local\Temp\libasyncProfiler.dll
0x00007ff83ba00000 - 0x00007ff83bb9a000 	C:\WINDOWS\System32\ole32.dll
0x00007ff83a6c0000 - 0x00007ff83aa38000 	C:\WINDOWS\System32\combase.dll
0x00007ff83acb0000 - 0x00007ff83ad86000 	C:\WINDOWS\System32\OLEAUT32.dll
0x00007ff83b730000 - 0x00007ff83b78d000 	C:\WINDOWS\System32\SHLWAPI.dll
0x00007ffff3150000 - 0x00007ffff3168000 	C:\Program Files\Java\jdk1.8.0_321\jre\bin\zip.dll
0x00007ff83bd90000 - 0x00007ff83c53e000 	C:\WINDOWS\System32\SHELL32.dll
0x00007ff837be0000 - 0x00007ff838448000 	C:\WINDOWS\SYSTEM32\windows.storage.dll
0x00007ff837a70000 - 0x00007ff837bd6000 	C:\WINDOWS\SYSTEM32\wintypes.dll
0x00007ff83bba0000 - 0x00007ff83bc8a000 	C:\WINDOWS\System32\SHCORE.dll
0x00007ff8399a0000 - 0x00007ff8399c1000 	C:\WINDOWS\SYSTEM32\profapi.dll
0x00007ff8020a0000 - 0x00007ff8020ba000 	C:\Program Files\JetBrains\IntelliJ IDEA 2021.3.3\bin\breakgen64.dll
0x00007ffff2310000 - 0x00007ffff232c000 	C:\Program Files\Java\jdk1.8.0_321\jre\bin\net.dll
0x00007ff838fa0000 - 0x00007ff839007000 	C:\WINDOWS\system32\mswsock.dll
0x00007fffeeed0000 - 0x00007fffef043000 	C:\Users\RINKES~1\AppData\Local\Temp\idea_msdia140_dll_temp_folder\msdia140.dll
0x00007ff838710000 - 0x00007ff8387f7000 	C:\WINDOWS\SYSTEM32\DNSAPI.dll
0x00007ff8386a0000 - 0x00007ff8386cd000 	C:\WINDOWS\SYSTEM32\IPHLPAPI.DLL
0x00007ff83b600000 - 0x00007ff83b609000 	C:\WINDOWS\System32\NSI.dll
0x00007ff82bf10000 - 0x00007ff82bf1a000 	C:\Windows\System32\rasadhlp.dll
0x00007ff832150000 - 0x00007ff8321d1000 	C:\WINDOWS\System32\fwpuclnt.dll
0x00007ff836030000 - 0x00007ff83603d000 	C:\Program Files\Java\jdk1.8.0_321\jre\bin\management.dll
0x00007ffff2080000 - 0x00007ffff2093000 	C:\Program Files\Java\jdk1.8.0_321\jre\bin\nio.dll
0x00007ff8391e0000 - 0x00007ff8391f8000 	C:\WINDOWS\SYSTEM32\CRYPTSP.dll
0x00007ff838ad0000 - 0x00007ff838b05000 	C:\WINDOWS\system32\rsaenh.dll
0x00007ff839090000 - 0x00007ff8390b9000 	C:\WINDOWS\SYSTEM32\USERENV.dll
0x00007ff839360000 - 0x00007ff839387000 	C:\WINDOWS\SYSTEM32\bcrypt.dll
0x00007ff839fe0000 - 0x00007ff83a05f000 	C:\WINDOWS\System32\bcryptprimitives.dll
0x00007ff839200000 - 0x00007ff83920c000 	C:\WINDOWS\SYSTEM32\CRYPTBASE.dll
0x00007ff833390000 - 0x00007ff8333a9000 	C:\WINDOWS\SYSTEM32\dhcpcsvc6.DLL
0x00007ff834100000 - 0x00007ff83411e000 	C:\WINDOWS\SYSTEM32\dhcpcsvc.DLL
0x00007ff821dd0000 - 0x00007ff821de7000 	C:\WINDOWS\system32\napinsp.dll
0x00007ff821db0000 - 0x00007ff821dcb000 	C:\WINDOWS\system32\pnrpnsp.dll
0x00007ff821d90000 - 0x00007ff821da2000 	C:\WINDOWS\System32\winrnr.dll
0x00007ff833160000 - 0x00007ff833175000 	C:\WINDOWS\system32\wshbth.dll
0x00007ff821d70000 - 0x00007ff821d8f000 	C:\WINDOWS\system32\nlansp_c.dll
0x00007ffff50b0000 - 0x00007ffff50d4000 	C:\Program Files\Java\jdk1.8.0_321\jre\bin\sunec.dll
0x00007ff818930000 - 0x00007ff81893d000 	C:\Program Files\Java\jdk1.8.0_321\jre\bin\sunmscapi.dll
0x00007ff83a1f0000 - 0x00007ff83a352000 	C:\WINDOWS\System32\CRYPT32.dll
0x00007ff839330000 - 0x00007ff839358000 	C:\WINDOWS\SYSTEM32\ncrypt.dll
0x00007ff8392f0000 - 0x00007ff839327000 	C:\WINDOWS\SYSTEM32\NTASN1.dll
0x00007ff8375f0000 - 0x00007ff837811000 	C:\WINDOWS\SYSTEM32\dbghelp.dll

VM Arguments:
jvm_args: -XX:TieredStopAtLevel=1 -Xverify:none -Dspring.output.ansi.enabled=always -Dcom.sun.management.jmxremote -Dspring.jmx.enabled=true -Dspring.liveBeansView.mbeanDomain -Dspring.application.admin.enabled=true -javaagent:C:\Program Files\JetBrains\IntelliJ IDEA 2021.3.3\lib\idea_rt.jar=63942:C:\Program Files\JetBrains\IntelliJ IDEA 2021.3.3\bin -agentpath:C:\Users\RINKES~1\AppData\Local\Temp\libasyncProfiler.dll=start,jfr,libdia=C:\Users\RINKES~1\AppData\Local\Temp\idea_msdia140_dll_temp_folder\msdia140.dll,interval=1ms,file=C:\Users\RINKESH DHANANI\FirstProjectApplication_2022_04_16_180634.jfr -Dfile.encoding=UTF-8 
java_command: com.in28minutes.springboot.web.springbootfirstwebapplication.FirstProjectApplication
java_class_path (initial): C:\Program Files\Java\jdk1.8.0_321\jre\lib\charsets.jar;C:\Program Files\Java\jdk1.8.0_321\jre\lib\deploy.jar;C:\Program Files\Java\jdk1.8.0_321\jre\lib\ext\access-bridge-64.jar;C:\Program Files\Java\jdk1.8.0_321\jre\lib\ext\cldrdata.jar;C:\Program Files\Java\jdk1.8.0_321\jre\lib\ext\dnsns.jar;C:\Program Files\Java\jdk1.8.0_321\jre\lib\ext\jaccess.jar;C:\Program Files\Java\jdk1.8.0_321\jre\lib\ext\jfxrt.jar;C:\Program Files\Java\jdk1.8.0_321\jre\lib\ext\localedata.jar;C:\Program Files\Java\jdk1.8.0_321\jre\lib\ext\nashorn.jar;C:\Program Files\Java\jdk1.8.0_321\jre\lib\ext\sunec.jar;C:\Program Files\Java\jdk1.8.0_321\jre\lib\ext\sunjce_provider.jar;C:\Program Files\Java\jdk1.8.0_321\jre\lib\ext\sunmscapi.jar;C:\Program Files\Java\jdk1.8.0_321\jre\lib\ext\sunpkcs11.jar;C:\Program Files\Java\jdk1.8.0_321\jre\lib\ext\zipfs.jar;C:\Program Files\Java\jdk1.8.0_321\jre\lib\javaws.jar;C:\Program Files\Java\jdk1.8.0_321\jre\lib\jce.jar;C:\Program Files\Java\jdk1.8.0_321\jre\lib\jfr.jar;C:\Program Files\Java\jdk1.8.0_321\jre\lib\jfxswt.jar;C:\Program Files\Java\jdk1.8.0_321\jre\lib\jsse.jar;C:\Program Files\Java\jdk1.8.0_321\jre\lib\management-agent.jar;C:\Program Files\Java\jdk1.8.0_321\jre\lib\plugin.jar;C:\Program Files\Java\jdk1.8.0_321\jre\lib\resources.jar;C:\Program Files\Java\jdk1.8.0_321\jre\lib\rt.jar;C:\Users\RINKESH DHANANI\Desktop\New folder\target\classes;C:\Users\RINKESH DHANANI\.m2\repository\org\springframework\boot\spring-boot-starter-web\2.6.6\spring-boot-starter-web-2.6.6.jar;C:\Users\RINKESH DHANANI\.m2\repository\org\springframework\boot\spring-boot-starter\2.6.6\spring-boot-starter-2.6.6.jar;C:\Users\RINKESH DHANANI\.m2\repository\org\springframework\boot\spring-boot-starter-logging\2.6.6\spring-boot-starter-logging-2.6.6.jar;C:\Users\RINKESH DHANANI\.m2\repository\ch\qos\logback\logback-classic\1.2.11\logback-classic-1.2.11.jar;C:\Users\RINKESH DHANANI\.m2\repository\ch\qos\logback\logback-core\1.2.11\logback-core-1.2.11.jar
Launcher Type: SUN_STANDARD

Environment Variables:
JAVA_HOME=C:\Program Files\Java\jdk1.8.0_321
JRE_HOME=C:\Program Files\Java\jre1.8.0_311
CLASSPATH="ü®\QTJava.zip"
PATH=C:\Program Files (x86)\Common Files\Oracle\Java\javapath;C:\oraclexe\app\oracle\product\11.2.0\server\bin;C:\WINDOWS\system32;C:\WINDOWS;C:\WINDOWS\System32\Wbem;C:\WINDOWS\System32\WindowsPowerShell\v1.0\;C:\WINDOWS\System32\OpenSSH\;C:\Program Files\gradle-7.4.2\bin;C:\Program Files\apache-maven-3.8.5-bin\apache-maven-3.8.5\bin;C:\Program Files\Java\jdk1.8.0_321\bin;C:\Program Files\Git\cmd;C:\Users\RINKESH DHANANI\Downloads\gradle-7.4.2-bin\gradle-7.4.2;C:\Program Files\gradle-7.4.2-bin (4)\gradle-7.4.2\bin;C:\Program Files\Java\jdk1.8.0_321\bin;C:\Program Files\gs-spring-boot-main\gs-spring-boot-main\initial;C:\Program Files\MySQL\MySQL Shell 8.0\bin\;C:\Users\RINKESH DHANANI\AppData\Local\Microsoft\WindowsApps;C:\Program Files\JetBrains\IntelliJ IDEA 2021.3.3\bin;;C:\Program Files\spring-boot-cli-2.6.6-bin\spring-2.6.6\bin;C:\Program Files\gradle-7.4.2;C:\gs-spring-boot-main (2)\gs-spring-boot-main;C:\Program Files\Java\jdk1.8.0_321\bin;
USERNAME=RINKESH DHANANI
OS=Windows_NT
PROCESSOR_IDENTIFIER=Intel64 Family 6 Model 142 Stepping 11, GenuineIntel



---------------  S Y S T E M  ---------------

OS: Windows 11 , 64 bit Build 22000 (10.0.22000.434)

CPU:total 8 (initial active 8) (4 cores per cpu, 2 threads per core) family 6 model 142 stepping 11, cmov, cx8, fxsr, mmx, sse, sse2, sse3, ssse3, sse4.1, sse4.2, popcnt, avx, avx2, aes, clmul, erms, 3dnowpref, lzcnt, ht, tsc, tscinvbit, bmi1, bmi2, adx

Memory: 4k page, physical 12466484k(3787016k free), swap 15988880k(1669424k free)

vm_info: Java HotSpot(TM) 64-Bit Server VM (25.321-b07) for windows-amd64 JRE (1.8.0_321-b07), built on Dec 15 2021 11:19:20 by "java_re" with MS VC++ 15.9 (VS2017)

time: Sat Apr 16 18:06:40 2022
timezone: Central Daylight Time
elapsed time: 5.548932 seconds (0d 0h 0m 5s)

